<?xml version="1.0" encoding="UTF-8"?>
<testsuite xmlns:xsi="http://www.w3.org/2001/XMLSchema-instance" xsi:noNamespaceSchemaLocation="https://maven.apache.org/surefire/maven-surefire-plugin/xsd/surefire-test-report.xsd" version="3.0.2" name="com.example.allenstreams.AllenBufferedTopologyManyRelationsTest" time="1.204" tests="1" errors="0" skipped="0" failures="0">
  <properties>
[...]
</properties>
  <testcase name="bufferedTopology_coversAllThirteenRelations_plusMultiBuffer" classname="com.example.allenstreams.AllenBufferedTopologyManyRelationsTest" time="1.113">
    <system-out><![CDATA[=== Buffered Allen relations (13 + multi-buffer) ===
r-BEFORE → BEFORE
r-MEETS → MEETS
r-OVERLAPS → OVERLAPS
r-FINISHED_BY → FINISHED_BY
r-CONTAINS → CONTAINS
r-STARTS → STARTS
r-EQUALS → EQUALS
r-STARTED_BY → STARTED_BY
r-DURING → DURING
r-FINISHES → FINISHES
r-OVERLAPPED_BY → OVERLAPPED_BY
r-MET_BY → MET_BY
r-AFTER → AFTER
r-MULTI-BUFFER:
  BEFORE  a={"startMs":0,"endMs":100}  b={"startMs":250,"endMs":280}
  CONTAINS  a={"startMs":200,"endMs":300}  b={"startMs":250,"endMs":280}
========================================================
]]></system-out>
    <system-err><![CDATA[SLF4J: Failed to load class "org.slf4j.impl.StaticLoggerBinder".
SLF4J: Defaulting to no-operation (NOP) logger implementation
SLF4J: See http://www.slf4j.org/codes.html#StaticLoggerBinder for further details.
]]></system-err>
  </testcase>
</testsuite>